<?xml version="1.0" encoding="UTF-8"?>
<!-- Generated by org.testng.reporters.JUnitReportReporter -->
<testsuite skipped="0" hostname="LAPTOP-6J2R3I92" name="Test.SoapAPITest" tests="4" failures="0" timestamp="16 Mar 2019 19:07:01 GMT" time="0.251" errors="0">
  <testcase name="getSoapXMLResponse" time="0.013" classname="Test.SoapAPITest"/>
  <testcase name="getSoapXMLResponse" time="0.212" classname="Test.SoapAPITest"/>
  <testcase name="getSoapXMLResponse" time="0.010" classname="Test.SoapAPITest"/>
  <testcase name="getSoapXMLResponse" time="0.016" classname="Test.SoapAPITest"/>
</testsuite> <!-- Test.SoapAPITest -->
