<?xml version="1.0" encoding="UTF-8"?>
<!-- Generated by org.testng.reporters.JUnitReportReporter -->
<testsuite skipped="0" hostname="LAPTOP-6J2R3I92" name="com.ataccama.test.RestApiGetTest" tests="4" failures="0" timestamp="16 Mar 2019 21:42:34 GMT" time="1.123" errors="0">
  <testcase name="verifyRestResponseTest" time="0.025" classname="com.ataccama.test.RestApiGetTest"/>
  <testcase name="verifyRestResponseTest" time="0.060" classname="com.ataccama.test.RestApiGetTest"/>
  <testcase name="verifyRestResponseTest" time="1.012" classname="com.ataccama.test.RestApiGetTest"/>
  <testcase name="verifyRestResponseTest" time="0.026" classname="com.ataccama.test.RestApiGetTest"/>
</testsuite> <!-- com.ataccama.test.RestApiGetTest -->
