<?xml version="1.0" encoding="UTF-8"?>
<!-- Generated by org.testng.reporters.JUnitReportReporter -->
<testsuite skipped="0" hostname="LAPTOP-6J2R3I92" name="com.ataccama.test.SoapAPITest" tests="4" failures="0" timestamp="16 Mar 2019 21:43:57 GMT" time="0.090" errors="0">
  <testcase name="verifySOAPAPIResponse" time="0.035" classname="com.ataccama.test.SoapAPITest"/>
  <testcase name="verifySOAPAPIResponse" time="0.022" classname="com.ataccama.test.SoapAPITest"/>
  <testcase name="verifySOAPAPIResponse" time="0.016" classname="com.ataccama.test.SoapAPITest"/>
  <testcase name="verifySOAPAPIResponse" time="0.017" classname="com.ataccama.test.SoapAPITest"/>
</testsuite> <!-- com.ataccama.test.SoapAPITest -->
