<?xml version="1.0" encoding="UTF-8"?>
<!-- Generated by org.testng.reporters.JUnitReportReporter -->
<testsuite skipped="0" hostname="LAPTOP-6J2R3I92" name="com.ataccama.test.WebUITest" tests="4" failures="0" timestamp="16 Mar 2019 21:43:57 GMT" time="0.998" errors="0">
  <testcase name="verifyTestCalculateUI" time="0.240" classname="com.ataccama.test.WebUITest"/>
  <testcase name="verifyTestCalculateUI" time="0.223" classname="com.ataccama.test.WebUITest"/>
  <testcase name="verifyTestCalculateUI" time="0.302" classname="com.ataccama.test.WebUITest"/>
  <testcase name="verifyTestCalculateUI" time="0.233" classname="com.ataccama.test.WebUITest"/>
</testsuite> <!-- com.ataccama.test.WebUITest -->
